{"D:\\Vivacity Project\\vivacity-backend\\src\\server.ts": {"path":"D:\\Vivacity Project\\vivacity-backend\\src\\server.ts","statementMap":{"0":{"start":{"line":1,"column":0},"end":{"line":1,"column":24}},"1":{"start":{"line":2,"column":0},"end":{"line":2,"column":43}},"2":{"start":{"line":3,"column":0},"end":{"line":3,"column":28}},"3":{"start":{"line":4,"column":0},"end":{"line":4,"column":40}},"4":{"start":{"line":6,"column":24},"end":{"line":6,"column":33}},"5":{"start":{"line":9,"column":0},"end":{"line":9,"column":26}},"6":{"start":{"line":11,"column":0},"end":{"line":11,"column":52}},"7":{"start":{"line":13,"column":0},"end":{"line":13,"column":27}},"8":{"start":{"line":16,"column":0},"end":{"line":27,"column":3}},"9":{"start":{"line":18,"column":4},"end":{"line":18,"column":51}},"10":{"start":{"line":20,"column":4},"end":{"line":20,"column":110}},"11":{"start":{"line":22,"column":4},"end":{"line":25,"column":null}},"12":{"start":{"line":23,"column":8},"end":{"line":23,"column":76}},"13":{"start":{"line":24,"column":8},"end":{"line":24,"column":40}},"14":{"start":{"line":26,"column":4},"end":{"line":26,"column":11}},"15":{"start":{"line":30,"column":0},"end":{"line":30,"column":24}},"16":{"start":{"line":33,"column":0},"end":{"line":38,"column":3}},"17":{"start":{"line":34,"column":18},"end":{"line":34,"column":40}},"18":{"start":{"line":35,"column":4},"end":{"line":37,"column":7}},"19":{"start":{"line":41,"column":19},"end":{"line":41,"column":44}},"20":{"start":{"line":42,"column":18},"end":{"line":42,"column":42}},"21":{"start":{"line":43,"column":0},"end":{"line":43,"column":84}},"22":{"start":{"line":43,"column":30},"end":{"line":43,"column":82}},"23":{"start":{"line":45,"column":0},"end":{"line":45,"column":24}}},"fnMap":{"0":{"name":"(anonymous_1)","decl":{"start":{"line":16,"column":11},"end":{"line":16,"column":12}},"loc":{"start":{"line":16,"column":30},"end":{"line":27,"column":1}}},"1":{"name":"(anonymous_2)","decl":{"start":{"line":33,"column":11},"end":{"line":33,"column":12}},"loc":{"start":{"line":33,"column":30},"end":{"line":38,"column":1}}},"2":{"name":"(anonymous_3)","decl":{"start":{"line":43,"column":24},"end":{"line":43,"column":27}},"loc":{"start":{"line":43,"column":30},"end":{"line":43,"column":82}}}},"branchMap":{"0":{"loc":{"start":{"line":22,"column":4},"end":{"line":25,"column":null}},"type":"if","locations":[{"start":{"line":22,"column":4},"end":{"line":25,"column":null}}]},"1":{"loc":{"start":{"line":42,"column":18},"end":{"line":42,"column":42}},"type":"cond-expr","locations":[{"start":{"line":42,"column":34},"end":{"line":42,"column":38}},{"start":{"line":42,"column":38},"end":{"line":42,"column":42}}]},"2":{"loc":{"start":{"line":42,"column":18},"end":{"line":42,"column":38}},"type":"binary-expr","locations":[{"start":{"line":42,"column":18},"end":{"line":42,"column":38}},{"start":{"line":42,"column":34},"end":{"line":42,"column":38}}]}},"s":{"0":1,"1":1,"2":1,"3":1,"4":1,"5":1,"6":1,"7":1,"8":1,"9":11,"10":11,"11":11,"12":0,"13":0,"14":11,"15":1,"16":1,"17":0,"18":0,"19":1,"20":1,"21":1,"22":1,"23":1},"f":{"0":11,"1":0,"2":1},"b":{"0":[0],"1":[0,1],"2":[1,1]}}
,"D:\\Vivacity Project\\vivacity-backend\\src\\controllers\\applicant.ts": {"path":"D:\\Vivacity Project\\vivacity-backend\\src\\controllers\\applicant.ts","statementMap":{"0":{"start":{"line":2,"column":0},"end":{"line":2,"column":48}},"1":{"start":{"line":4,"column":13},"end":{"line":4,"column":31}},"2":{"start":{"line":5,"column":13},"end":{"line":11,"column":2}},"3":{"start":{"line":25,"column":21},"end":{"line":35,"column":2}},"4":{"start":{"line":25,"column":59},"end":{"line":35,"column":2}},"5":{"start":{"line":27,"column":21},"end":{"line":27,"column":34}},"6":{"start":{"line":29,"column":4},"end":{"line":34,"column":7}},"7":{"start":{"line":30,"column":8},"end":{"line":32,"column":null}},"8":{"start":{"line":31,"column":12},"end":{"line":31,"column":24}},"9":{"start":{"line":33,"column":8},"end":{"line":33,"column":null}},"10":{"start":{"line":38,"column":24},"end":{"line":69,"column":2}},"11":{"start":{"line":38,"column":62},"end":{"line":69,"column":2}},"12":{"start":{"line":40,"column":26},"end":{"line":40,"column":42}},"13":{"start":{"line":41,"column":74},"end":{"line":41,"column":78}},"14":{"start":{"line":44,"column":4},"end":{"line":68,"column":7}},"15":{"start":{"line":45,"column":8},"end":{"line":47,"column":null}},"16":{"start":{"line":46,"column":12},"end":{"line":46,"column":24}},"17":{"start":{"line":50,"column":8},"end":{"line":66,"column":null}},"18":{"start":{"line":52,"column":12},"end":{"line":57,"column":15}},"19":{"start":{"line":53,"column":16},"end":{"line":55,"column":null}},"20":{"start":{"line":54,"column":20},"end":{"line":54,"column":null}},"21":{"start":{"line":56,"column":16},"end":{"line":56,"column":null}},"22":{"start":{"line":60,"column":12},"end":{"line":65,"column":15}},"23":{"start":{"line":61,"column":16},"end":{"line":63,"column":null}},"24":{"start":{"line":62,"column":20},"end":{"line":62,"column":null}},"25":{"start":{"line":64,"column":16},"end":{"line":64,"column":null}},"26":{"start":{"line":72,"column":24},"end":{"line":84,"column":2}},"27":{"start":{"line":72,"column":62},"end":{"line":84,"column":2}},"28":{"start":{"line":74,"column":26},"end":{"line":74,"column":42}},"29":{"start":{"line":75,"column":74},"end":{"line":75,"column":78}},"30":{"start":{"line":78,"column":4},"end":{"line":83,"column":7}},"31":{"start":{"line":79,"column":8},"end":{"line":81,"column":null}},"32":{"start":{"line":80,"column":12},"end":{"line":80,"column":null}},"33":{"start":{"line":82,"column":8},"end":{"line":82,"column":null}},"34":{"start":{"line":87,"column":24},"end":{"line":98,"column":2}},"35":{"start":{"line":87,"column":82},"end":{"line":98,"column":2}},"36":{"start":{"line":89,"column":21},"end":{"line":89,"column":34}},"37":{"start":{"line":92,"column":4},"end":{"line":97,"column":null}},"38":{"start":{"line":93,"column":8},"end":{"line":95,"column":null}},"39":{"start":{"line":94,"column":12},"end":{"line":94,"column":null}},"40":{"start":{"line":96,"column":8},"end":{"line":96,"column":null}},"41":{"start":{"line":100,"column":0},"end":{"line":100,"column":83}}},"fnMap":{"0":{"name":"(anonymous_7)","decl":{"start":{"line":25,"column":21},"end":{"line":25,"column":28}},"loc":{"start":{"line":25,"column":59},"end":{"line":35,"column":2}}},"1":{"name":"(anonymous_8)","decl":{"start":{"line":25,"column":59},"end":{"line":25,"column":null}},"loc":{"start":{"line":25,"column":59},"end":{"line":35,"column":1}}},"2":{"name":"(anonymous_9)","decl":{"start":{"line":29,"column":64},"end":{"line":29,"column":65}},"loc":{"start":{"line":29,"column":104},"end":{"line":34,"column":5}}},"3":{"name":"(anonymous_10)","decl":{"start":{"line":38,"column":24},"end":{"line":38,"column":31}},"loc":{"start":{"line":38,"column":62},"end":{"line":69,"column":2}}},"4":{"name":"(anonymous_11)","decl":{"start":{"line":38,"column":62},"end":{"line":38,"column":null}},"loc":{"start":{"line":38,"column":62},"end":{"line":69,"column":1}}},"5":{"name":"(anonymous_12)","decl":{"start":{"line":44,"column":70},"end":{"line":44,"column":71}},"loc":{"start":{"line":44,"column":110},"end":{"line":68,"column":5}}},"6":{"name":"(anonymous_13)","decl":{"start":{"line":52,"column":212},"end":{"line":52,"column":213}},"loc":{"start":{"line":52,"column":241},"end":{"line":57,"column":13}}},"7":{"name":"(anonymous_14)","decl":{"start":{"line":60,"column":222},"end":{"line":60,"column":223}},"loc":{"start":{"line":60,"column":251},"end":{"line":65,"column":13}}},"8":{"name":"(anonymous_15)","decl":{"start":{"line":72,"column":24},"end":{"line":72,"column":31}},"loc":{"start":{"line":72,"column":62},"end":{"line":84,"column":2}}},"9":{"name":"(anonymous_16)","decl":{"start":{"line":72,"column":62},"end":{"line":72,"column":null}},"loc":{"start":{"line":72,"column":62},"end":{"line":84,"column":1}}},"10":{"name":"(anonymous_17)","decl":{"start":{"line":78,"column":204},"end":{"line":78,"column":205}},"loc":{"start":{"line":78,"column":233},"end":{"line":83,"column":5}}},"11":{"name":"(anonymous_18)","decl":{"start":{"line":87,"column":24},"end":{"line":87,"column":31}},"loc":{"start":{"line":87,"column":82},"end":{"line":98,"column":2}}},"12":{"name":"(anonymous_19)","decl":{"start":{"line":87,"column":82},"end":{"line":87,"column":null}},"loc":{"start":{"line":87,"column":82},"end":{"line":98,"column":1}}},"13":{"name":"(anonymous_20)","decl":{"start":{"line":92,"column":61},"end":{"line":92,"column":62}},"loc":{"start":{"line":92,"column":90},"end":{"line":97,"column":5}}}},"branchMap":{"0":{"loc":{"start":{"line":30,"column":8},"end":{"line":32,"column":null}},"type":"if","locations":[{"start":{"line":30,"column":8},"end":{"line":32,"column":null}}]},"1":{"loc":{"start":{"line":40,"column":26},"end":{"line":40,"column":42}},"type":"cond-expr","locations":[{"start":{"line":40,"column":34},"end":{"line":40,"column":38}},{"start":{"line":40,"column":38},"end":{"line":40,"column":42}}]},"2":{"loc":{"start":{"line":40,"column":26},"end":{"line":40,"column":38}},"type":"binary-expr","locations":[{"start":{"line":40,"column":26},"end":{"line":40,"column":38}},{"start":{"line":40,"column":34},"end":{"line":40,"column":38}}]},"3":{"loc":{"start":{"line":45,"column":8},"end":{"line":47,"column":null}},"type":"if","locations":[{"start":{"line":45,"column":8},"end":{"line":47,"column":null}}]},"4":{"loc":{"start":{"line":50,"column":8},"end":{"line":66,"column":null}},"type":"if","locations":[{"start":{"line":50,"column":8},"end":{"line":66,"column":null}},{"start":{"line":58,"column":15},"end":{"line":66,"column":null}}]},"5":{"loc":{"start":{"line":53,"column":16},"end":{"line":55,"column":null}},"type":"if","locations":[{"start":{"line":53,"column":16},"end":{"line":55,"column":null}}]},"6":{"loc":{"start":{"line":61,"column":16},"end":{"line":63,"column":null}},"type":"if","locations":[{"start":{"line":61,"column":16},"end":{"line":63,"column":null}}]},"7":{"loc":{"start":{"line":74,"column":26},"end":{"line":74,"column":42}},"type":"cond-expr","locations":[{"start":{"line":74,"column":34},"end":{"line":74,"column":38}},{"start":{"line":74,"column":38},"end":{"line":74,"column":42}}]},"8":{"loc":{"start":{"line":74,"column":26},"end":{"line":74,"column":38}},"type":"binary-expr","locations":[{"start":{"line":74,"column":26},"end":{"line":74,"column":38}},{"start":{"line":74,"column":34},"end":{"line":74,"column":38}}]},"9":{"loc":{"start":{"line":79,"column":8},"end":{"line":81,"column":null}},"type":"if","locations":[{"start":{"line":79,"column":8},"end":{"line":81,"column":null}}]},"10":{"loc":{"start":{"line":93,"column":8},"end":{"line":95,"column":null}},"type":"if","locations":[{"start":{"line":93,"column":8},"end":{"line":95,"column":null}}]}},"s":{"0":1,"1":1,"2":1,"3":1,"4":1,"5":1,"6":1,"7":1,"8":0,"9":1,"10":1,"11":5,"12":5,"13":5,"14":5,"15":5,"16":0,"17":5,"18":1,"19":1,"20":0,"21":1,"22":4,"23":4,"24":0,"25":4,"26":1,"27":1,"28":1,"29":1,"30":1,"31":1,"32":0,"33":1,"34":1,"35":4,"36":4,"37":4,"38":4,"39":0,"40":4,"41":1},"f":{"0":1,"1":1,"2":1,"3":5,"4":5,"5":5,"6":1,"7":4,"8":1,"9":1,"10":1,"11":4,"12":4,"13":4},"b":{"0":[0],"1":[5,0],"2":[5,5],"3":[0],"4":[1,4],"5":[0],"6":[0],"7":[1,0],"8":[1,1],"9":[0],"10":[0]}}
,"D:\\Vivacity Project\\vivacity-backend\\src\\routes\\applicant.ts": {"path":"D:\\Vivacity Project\\vivacity-backend\\src\\routes\\applicant.ts","statementMap":{"0":{"start":{"line":1,"column":0},"end":{"line":1,"column":30}},"1":{"start":{"line":2,"column":0},"end":{"line":2,"column":50}},"2":{"start":{"line":3,"column":15},"end":{"line":3,"column":31}},"3":{"start":{"line":5,"column":0},"end":{"line":5,"column":62}},"4":{"start":{"line":6,"column":0},"end":{"line":6,"column":62}},"5":{"start":{"line":7,"column":0},"end":{"line":7,"column":61}},"6":{"start":{"line":8,"column":0},"end":{"line":8,"column":68}},"7":{"start":{"line":10,"column":0},"end":{"line":10,"column":16}}},"fnMap":{},"branchMap":{},"s":{"0":1,"1":1,"2":1,"3":1,"4":1,"5":1,"6":1,"7":1},"f":{},"b":{}}
}
