{"D:\\Vivacity Project\\vivacity-backend\\src\\server.ts": {"path":"D:\\Vivacity Project\\vivacity-backend\\src\\server.ts","statementMap":{"0":{"start":{"line":1,"column":0},"end":{"line":1,"column":24}},"1":{"start":{"line":2,"column":0},"end":{"line":2,"column":43}},"2":{"start":{"line":3,"column":0},"end":{"line":3,"column":28}},"3":{"start":{"line":4,"column":0},"end":{"line":4,"column":40}},"4":{"start":{"line":6,"column":24},"end":{"line":6,"column":33}},"5":{"start":{"line":9,"column":0},"end":{"line":9,"column":26}},"6":{"start":{"line":11,"column":0},"end":{"line":11,"column":52}},"7":{"start":{"line":13,"column":0},"end":{"line":13,"column":27}},"8":{"start":{"line":16,"column":0},"end":{"line":27,"column":3}},"9":{"start":{"line":18,"column":4},"end":{"line":18,"column":51}},"10":{"start":{"line":20,"column":4},"end":{"line":20,"column":110}},"11":{"start":{"line":22,"column":4},"end":{"line":25,"column":null}},"12":{"start":{"line":23,"column":8},"end":{"line":23,"column":76}},"13":{"start":{"line":24,"column":8},"end":{"line":24,"column":40}},"14":{"start":{"line":26,"column":4},"end":{"line":26,"column":11}},"15":{"start":{"line":30,"column":0},"end":{"line":30,"column":24}},"16":{"start":{"line":33,"column":0},"end":{"line":38,"column":3}},"17":{"start":{"line":34,"column":18},"end":{"line":34,"column":40}},"18":{"start":{"line":35,"column":4},"end":{"line":37,"column":7}},"19":{"start":{"line":41,"column":19},"end":{"line":41,"column":44}},"20":{"start":{"line":42,"column":18},"end":{"line":42,"column":42}},"21":{"start":{"line":43,"column":0},"end":{"line":43,"column":84}},"22":{"start":{"line":43,"column":30},"end":{"line":43,"column":82}},"23":{"start":{"line":45,"column":0},"end":{"line":45,"column":24}}},"fnMap":{"0":{"name":"(anonymous_1)","decl":{"start":{"line":16,"column":11},"end":{"line":16,"column":12}},"loc":{"start":{"line":16,"column":30},"end":{"line":27,"column":1}}},"1":{"name":"(anonymous_2)","decl":{"start":{"line":33,"column":11},"end":{"line":33,"column":12}},"loc":{"start":{"line":33,"column":30},"end":{"line":38,"column":1}}},"2":{"name":"(anonymous_3)","decl":{"start":{"line":43,"column":24},"end":{"line":43,"column":27}},"loc":{"start":{"line":43,"column":30},"end":{"line":43,"column":82}}}},"branchMap":{"0":{"loc":{"start":{"line":22,"column":4},"end":{"line":25,"column":null}},"type":"if","locations":[{"start":{"line":22,"column":4},"end":{"line":25,"column":null}}]},"1":{"loc":{"start":{"line":42,"column":18},"end":{"line":42,"column":42}},"type":"cond-expr","locations":[{"start":{"line":42,"column":34},"end":{"line":42,"column":38}},{"start":{"line":42,"column":38},"end":{"line":42,"column":42}}]},"2":{"loc":{"start":{"line":42,"column":18},"end":{"line":42,"column":38}},"type":"binary-expr","locations":[{"start":{"line":42,"column":18},"end":{"line":42,"column":38}},{"start":{"line":42,"column":34},"end":{"line":42,"column":38}}]}},"s":{"0":1,"1":1,"2":1,"3":1,"4":1,"5":1,"6":1,"7":1,"8":1,"9":20,"10":20,"11":20,"12":0,"13":0,"14":20,"15":1,"16":1,"17":0,"18":0,"19":1,"20":1,"21":1,"22":1,"23":1},"f":{"0":20,"1":0,"2":1},"b":{"0":[0],"1":[0,1],"2":[1,1]}}
,"D:\\Vivacity Project\\vivacity-backend\\src\\controllers\\applicant.ts": {"path":"D:\\Vivacity Project\\vivacity-backend\\src\\controllers\\applicant.ts","statementMap":{"0":{"start":{"line":2,"column":0},"end":{"line":2,"column":48}},"1":{"start":{"line":4,"column":13},"end":{"line":4,"column":31}},"2":{"start":{"line":5,"column":13},"end":{"line":11,"column":2}},"3":{"start":{"line":25,"column":21},"end":{"line":35,"column":2}},"4":{"start":{"line":25,"column":59},"end":{"line":35,"column":2}},"5":{"start":{"line":27,"column":21},"end":{"line":27,"column":34}},"6":{"start":{"line":29,"column":4},"end":{"line":34,"column":7}},"7":{"start":{"line":30,"column":8},"end":{"line":32,"column":null}},"8":{"start":{"line":31,"column":12},"end":{"line":31,"column":109}},"9":{"start":{"line":33,"column":8},"end":{"line":33,"column":64}},"10":{"start":{"line":38,"column":24},"end":{"line":68,"column":2}},"11":{"start":{"line":38,"column":62},"end":{"line":68,"column":2}},"12":{"start":{"line":40,"column":26},"end":{"line":40,"column":42}},"13":{"start":{"line":41,"column":74},"end":{"line":41,"column":78}},"14":{"start":{"line":44,"column":4},"end":{"line":67,"column":7}},"15":{"start":{"line":45,"column":8},"end":{"line":47,"column":null}},"16":{"start":{"line":46,"column":12},"end":{"line":46,"column":109}},"17":{"start":{"line":50,"column":8},"end":{"line":66,"column":null}},"18":{"start":{"line":52,"column":12},"end":{"line":57,"column":15}},"19":{"start":{"line":53,"column":16},"end":{"line":55,"column":null}},"20":{"start":{"line":54,"column":20},"end":{"line":54,"column":106}},"21":{"start":{"line":56,"column":16},"end":{"line":56,"column":61}},"22":{"start":{"line":60,"column":12},"end":{"line":65,"column":15}},"23":{"start":{"line":61,"column":16},"end":{"line":63,"column":null}},"24":{"start":{"line":62,"column":20},"end":{"line":62,"column":106}},"25":{"start":{"line":64,"column":16},"end":{"line":64,"column":66}},"26":{"start":{"line":71,"column":24},"end":{"line":101,"column":2}},"27":{"start":{"line":71,"column":62},"end":{"line":101,"column":2}},"28":{"start":{"line":73,"column":26},"end":{"line":73,"column":42}},"29":{"start":{"line":74,"column":74},"end":{"line":74,"column":78}},"30":{"start":{"line":77,"column":4},"end":{"line":100,"column":7}},"31":{"start":{"line":78,"column":8},"end":{"line":80,"column":null}},"32":{"start":{"line":79,"column":12},"end":{"line":79,"column":109}},"33":{"start":{"line":83,"column":8},"end":{"line":99,"column":null}},"34":{"start":{"line":85,"column":12},"end":{"line":90,"column":15}},"35":{"start":{"line":86,"column":16},"end":{"line":88,"column":null}},"36":{"start":{"line":87,"column":20},"end":{"line":87,"column":106}},"37":{"start":{"line":89,"column":16},"end":{"line":89,"column":61}},"38":{"start":{"line":93,"column":12},"end":{"line":98,"column":15}},"39":{"start":{"line":94,"column":16},"end":{"line":96,"column":null}},"40":{"start":{"line":95,"column":20},"end":{"line":95,"column":106}},"41":{"start":{"line":97,"column":16},"end":{"line":97,"column":66}},"42":{"start":{"line":104,"column":24},"end":{"line":115,"column":2}},"43":{"start":{"line":104,"column":82},"end":{"line":115,"column":2}},"44":{"start":{"line":106,"column":21},"end":{"line":106,"column":34}},"45":{"start":{"line":109,"column":4},"end":{"line":114,"column":null}},"46":{"start":{"line":110,"column":8},"end":{"line":112,"column":null}},"47":{"start":{"line":111,"column":12},"end":{"line":111,"column":108}},"48":{"start":{"line":113,"column":8},"end":{"line":113,"column":51}},"49":{"start":{"line":117,"column":0},"end":{"line":117,"column":83}}},"fnMap":{"0":{"name":"(anonymous_7)","decl":{"start":{"line":25,"column":21},"end":{"line":25,"column":28}},"loc":{"start":{"line":25,"column":59},"end":{"line":35,"column":2}}},"1":{"name":"(anonymous_8)","decl":{"start":{"line":25,"column":59},"end":{"line":25,"column":null}},"loc":{"start":{"line":25,"column":59},"end":{"line":35,"column":1}}},"2":{"name":"(anonymous_9)","decl":{"start":{"line":29,"column":64},"end":{"line":29,"column":65}},"loc":{"start":{"line":29,"column":104},"end":{"line":34,"column":5}}},"3":{"name":"(anonymous_10)","decl":{"start":{"line":38,"column":24},"end":{"line":38,"column":31}},"loc":{"start":{"line":38,"column":62},"end":{"line":68,"column":2}}},"4":{"name":"(anonymous_11)","decl":{"start":{"line":38,"column":62},"end":{"line":38,"column":null}},"loc":{"start":{"line":38,"column":62},"end":{"line":68,"column":1}}},"5":{"name":"(anonymous_12)","decl":{"start":{"line":44,"column":70},"end":{"line":44,"column":71}},"loc":{"start":{"line":44,"column":110},"end":{"line":67,"column":5}}},"6":{"name":"(anonymous_13)","decl":{"start":{"line":52,"column":212},"end":{"line":52,"column":213}},"loc":{"start":{"line":52,"column":241},"end":{"line":57,"column":13}}},"7":{"name":"(anonymous_14)","decl":{"start":{"line":60,"column":222},"end":{"line":60,"column":223}},"loc":{"start":{"line":60,"column":251},"end":{"line":65,"column":13}}},"8":{"name":"(anonymous_15)","decl":{"start":{"line":71,"column":24},"end":{"line":71,"column":31}},"loc":{"start":{"line":71,"column":62},"end":{"line":101,"column":2}}},"9":{"name":"(anonymous_16)","decl":{"start":{"line":71,"column":62},"end":{"line":71,"column":null}},"loc":{"start":{"line":71,"column":62},"end":{"line":101,"column":1}}},"10":{"name":"(anonymous_17)","decl":{"start":{"line":77,"column":70},"end":{"line":77,"column":71}},"loc":{"start":{"line":77,"column":110},"end":{"line":100,"column":5}}},"11":{"name":"(anonymous_18)","decl":{"start":{"line":85,"column":212},"end":{"line":85,"column":213}},"loc":{"start":{"line":85,"column":241},"end":{"line":90,"column":13}}},"12":{"name":"(anonymous_19)","decl":{"start":{"line":93,"column":222},"end":{"line":93,"column":223}},"loc":{"start":{"line":93,"column":251},"end":{"line":98,"column":13}}},"13":{"name":"(anonymous_20)","decl":{"start":{"line":104,"column":24},"end":{"line":104,"column":31}},"loc":{"start":{"line":104,"column":82},"end":{"line":115,"column":2}}},"14":{"name":"(anonymous_21)","decl":{"start":{"line":104,"column":82},"end":{"line":104,"column":null}},"loc":{"start":{"line":104,"column":82},"end":{"line":115,"column":1}}},"15":{"name":"(anonymous_22)","decl":{"start":{"line":109,"column":61},"end":{"line":109,"column":62}},"loc":{"start":{"line":109,"column":90},"end":{"line":114,"column":5}}}},"branchMap":{"0":{"loc":{"start":{"line":30,"column":8},"end":{"line":32,"column":null}},"type":"if","locations":[{"start":{"line":30,"column":8},"end":{"line":32,"column":null}}]},"1":{"loc":{"start":{"line":40,"column":26},"end":{"line":40,"column":42}},"type":"cond-expr","locations":[{"start":{"line":40,"column":34},"end":{"line":40,"column":38}},{"start":{"line":40,"column":38},"end":{"line":40,"column":42}}]},"2":{"loc":{"start":{"line":40,"column":26},"end":{"line":40,"column":38}},"type":"binary-expr","locations":[{"start":{"line":40,"column":26},"end":{"line":40,"column":38}},{"start":{"line":40,"column":34},"end":{"line":40,"column":38}}]},"3":{"loc":{"start":{"line":45,"column":8},"end":{"line":47,"column":null}},"type":"if","locations":[{"start":{"line":45,"column":8},"end":{"line":47,"column":null}}]},"4":{"loc":{"start":{"line":50,"column":8},"end":{"line":66,"column":null}},"type":"if","locations":[{"start":{"line":50,"column":8},"end":{"line":66,"column":null}},{"start":{"line":58,"column":15},"end":{"line":66,"column":null}}]},"5":{"loc":{"start":{"line":53,"column":16},"end":{"line":55,"column":null}},"type":"if","locations":[{"start":{"line":53,"column":16},"end":{"line":55,"column":null}}]},"6":{"loc":{"start":{"line":61,"column":16},"end":{"line":63,"column":null}},"type":"if","locations":[{"start":{"line":61,"column":16},"end":{"line":63,"column":null}}]},"7":{"loc":{"start":{"line":73,"column":26},"end":{"line":73,"column":42}},"type":"cond-expr","locations":[{"start":{"line":73,"column":34},"end":{"line":73,"column":38}},{"start":{"line":73,"column":38},"end":{"line":73,"column":42}}]},"8":{"loc":{"start":{"line":73,"column":26},"end":{"line":73,"column":38}},"type":"binary-expr","locations":[{"start":{"line":73,"column":26},"end":{"line":73,"column":38}},{"start":{"line":73,"column":34},"end":{"line":73,"column":38}}]},"9":{"loc":{"start":{"line":78,"column":8},"end":{"line":80,"column":null}},"type":"if","locations":[{"start":{"line":78,"column":8},"end":{"line":80,"column":null}}]},"10":{"loc":{"start":{"line":83,"column":8},"end":{"line":99,"column":null}},"type":"if","locations":[{"start":{"line":83,"column":8},"end":{"line":99,"column":null}},{"start":{"line":91,"column":15},"end":{"line":99,"column":null}}]},"11":{"loc":{"start":{"line":86,"column":16},"end":{"line":88,"column":null}},"type":"if","locations":[{"start":{"line":86,"column":16},"end":{"line":88,"column":null}}]},"12":{"loc":{"start":{"line":94,"column":16},"end":{"line":96,"column":null}},"type":"if","locations":[{"start":{"line":94,"column":16},"end":{"line":96,"column":null}}]},"13":{"loc":{"start":{"line":110,"column":8},"end":{"line":112,"column":null}},"type":"if","locations":[{"start":{"line":110,"column":8},"end":{"line":112,"column":null}}]}},"s":{"0":1,"1":1,"2":1,"3":1,"4":3,"5":3,"6":3,"7":3,"8":1,"9":2,"10":1,"11":7,"12":7,"13":7,"14":7,"15":7,"16":0,"17":7,"18":1,"19":1,"20":0,"21":1,"22":6,"23":6,"24":1,"25":5,"26":1,"27":3,"28":3,"29":3,"30":3,"31":3,"32":0,"33":3,"34":2,"35":2,"36":0,"37":2,"38":1,"39":1,"40":1,"41":0,"42":1,"43":7,"44":7,"45":7,"46":7,"47":1,"48":6,"49":1},"f":{"0":3,"1":3,"2":3,"3":7,"4":7,"5":7,"6":1,"7":6,"8":3,"9":3,"10":3,"11":2,"12":1,"13":7,"14":7,"15":7},"b":{"0":[1],"1":[7,0],"2":[7,7],"3":[0],"4":[1,6],"5":[0],"6":[1],"7":[3,0],"8":[3,3],"9":[0],"10":[2,1],"11":[0],"12":[1],"13":[1]}}
,"D:\\Vivacity Project\\vivacity-backend\\src\\routes\\applicant.ts": {"path":"D:\\Vivacity Project\\vivacity-backend\\src\\routes\\applicant.ts","statementMap":{"0":{"start":{"line":1,"column":0},"end":{"line":1,"column":30}},"1":{"start":{"line":2,"column":0},"end":{"line":2,"column":50}},"2":{"start":{"line":3,"column":15},"end":{"line":3,"column":31}},"3":{"start":{"line":6,"column":0},"end":{"line":6,"column":62}},"4":{"start":{"line":7,"column":0},"end":{"line":7,"column":62}},"5":{"start":{"line":8,"column":0},"end":{"line":8,"column":61}},"6":{"start":{"line":9,"column":0},"end":{"line":9,"column":68}},"7":{"start":{"line":11,"column":0},"end":{"line":11,"column":16}}},"fnMap":{},"branchMap":{},"s":{"0":1,"1":1,"2":1,"3":1,"4":1,"5":1,"6":1,"7":1},"f":{},"b":{}}
}
