TN:
SF:src\server.ts
FN:16,(anonymous_1)
FN:33,(anonymous_2)
FN:43,(anonymous_3)
FNF:3
FNH:2
FNDA:20,(anonymous_1)
FNDA:0,(anonymous_2)
FNDA:1,(anonymous_3)
DA:1,1
DA:2,1
DA:3,1
DA:4,1
DA:6,1
DA:9,1
DA:11,1
DA:13,1
DA:16,1
DA:18,20
DA:20,20
DA:22,20
DA:23,0
DA:24,0
DA:26,20
DA:30,1
DA:33,1
DA:34,0
DA:35,0
DA:41,1
DA:42,1
DA:43,1
DA:45,1
LF:23
LH:19
BRDA:22,0,0,0
BRDA:42,1,0,0
BRDA:42,1,1,1
BRDA:42,2,0,1
BRDA:42,2,1,1
BRF:5
BRH:3
end_of_record
TN:
SF:src\controllers\applicant.ts
FN:25,(anonymous_7)
FN:25,(anonymous_8)
FN:29,(anonymous_9)
FN:38,(anonymous_10)
FN:38,(anonymous_11)
FN:44,(anonymous_12)
FN:52,(anonymous_13)
FN:60,(anonymous_14)
FN:71,(anonymous_15)
FN:71,(anonymous_16)
FN:77,(anonymous_17)
FN:85,(anonymous_18)
FN:93,(anonymous_19)
FN:104,(anonymous_20)
FN:104,(anonymous_21)
FN:109,(anonymous_22)
FNF:16
FNH:16
FNDA:3,(anonymous_7)
FNDA:3,(anonymous_8)
FNDA:3,(anonymous_9)
FNDA:7,(anonymous_10)
FNDA:7,(anonymous_11)
FNDA:7,(anonymous_12)
FNDA:1,(anonymous_13)
FNDA:6,(anonymous_14)
FNDA:3,(anonymous_15)
FNDA:3,(anonymous_16)
FNDA:3,(anonymous_17)
FNDA:2,(anonymous_18)
FNDA:1,(anonymous_19)
FNDA:7,(anonymous_20)
FNDA:7,(anonymous_21)
FNDA:7,(anonymous_22)
DA:2,1
DA:4,1
DA:5,1
DA:25,3
DA:27,3
DA:29,3
DA:30,3
DA:31,1
DA:33,2
DA:38,7
DA:40,7
DA:41,7
DA:44,7
DA:45,7
DA:46,0
DA:50,7
DA:52,1
DA:53,1
DA:54,0
DA:56,1
DA:60,6
DA:61,6
DA:62,1
DA:64,5
DA:71,3
DA:73,3
DA:74,3
DA:77,3
DA:78,3
DA:79,0
DA:83,3
DA:85,2
DA:86,2
DA:87,0
DA:89,2
DA:93,1
DA:94,1
DA:95,1
DA:97,0
DA:104,7
DA:106,7
DA:109,7
DA:110,7
DA:111,1
DA:113,6
DA:117,1
LF:46
LH:41
BRDA:30,0,0,1
BRDA:40,1,0,7
BRDA:40,1,1,0
BRDA:40,2,0,7
BRDA:40,2,1,7
BRDA:45,3,0,0
BRDA:50,4,0,1
BRDA:50,4,1,6
BRDA:53,5,0,0
BRDA:61,6,0,1
BRDA:73,7,0,3
BRDA:73,7,1,0
BRDA:73,8,0,3
BRDA:73,8,1,3
BRDA:78,9,0,0
BRDA:83,10,0,2
BRDA:83,10,1,1
BRDA:86,11,0,0
BRDA:94,12,0,1
BRDA:110,13,0,1
BRF:20
BRH:14
end_of_record
TN:
SF:src\routes\applicant.ts
FNF:0
FNH:0
DA:1,1
DA:2,1
DA:3,1
DA:5,1
DA:6,1
DA:7,1
DA:8,1
DA:10,1
LF:8
LH:8
BRF:0
BRH:0
end_of_record
