TN:
SF:src\server.ts
FN:16,(anonymous_1)
FN:33,(anonymous_2)
FN:43,(anonymous_3)
FNF:3
FNH:2
FNDA:11,(anonymous_1)
FNDA:0,(anonymous_2)
FNDA:1,(anonymous_3)
DA:1,1
DA:2,1
DA:3,1
DA:4,1
DA:6,1
DA:9,1
DA:11,1
DA:13,1
DA:16,1
DA:18,11
DA:20,11
DA:22,11
DA:23,0
DA:24,0
DA:26,11
DA:30,1
DA:33,1
DA:34,0
DA:35,0
DA:41,1
DA:42,1
DA:43,1
DA:45,1
LF:23
LH:19
BRDA:22,0,0,0
BRDA:42,1,0,0
BRDA:42,1,1,1
BRDA:42,2,0,1
BRDA:42,2,1,1
BRF:5
BRH:3
end_of_record
TN:
SF:src\controllers\applicant.ts
FN:25,(anonymous_7)
FN:25,(anonymous_8)
FN:29,(anonymous_9)
FN:38,(anonymous_10)
FN:38,(anonymous_11)
FN:44,(anonymous_12)
FN:52,(anonymous_13)
FN:60,(anonymous_14)
FN:72,(anonymous_15)
FN:72,(anonymous_16)
FN:78,(anonymous_17)
FN:87,(anonymous_18)
FN:87,(anonymous_19)
FN:92,(anonymous_20)
FNF:14
FNH:14
FNDA:1,(anonymous_7)
FNDA:1,(anonymous_8)
FNDA:1,(anonymous_9)
FNDA:5,(anonymous_10)
FNDA:5,(anonymous_11)
FNDA:5,(anonymous_12)
FNDA:1,(anonymous_13)
FNDA:4,(anonymous_14)
FNDA:1,(anonymous_15)
FNDA:1,(anonymous_16)
FNDA:1,(anonymous_17)
FNDA:4,(anonymous_18)
FNDA:4,(anonymous_19)
FNDA:4,(anonymous_20)
DA:2,1
DA:4,1
DA:5,1
DA:25,1
DA:27,1
DA:29,1
DA:30,1
DA:31,0
DA:33,1
DA:38,5
DA:40,5
DA:41,5
DA:44,5
DA:45,5
DA:46,0
DA:50,5
DA:52,1
DA:53,1
DA:54,0
DA:56,1
DA:60,4
DA:61,4
DA:62,0
DA:64,4
DA:72,1
DA:74,1
DA:75,1
DA:78,1
DA:79,1
DA:80,0
DA:82,1
DA:87,4
DA:89,4
DA:92,4
DA:93,4
DA:94,0
DA:96,4
DA:100,1
LF:38
LH:32
BRDA:30,0,0,0
BRDA:40,1,0,5
BRDA:40,1,1,0
BRDA:40,2,0,5
BRDA:40,2,1,5
BRDA:45,3,0,0
BRDA:50,4,0,1
BRDA:50,4,1,4
BRDA:53,5,0,0
BRDA:61,6,0,0
BRDA:74,7,0,1
BRDA:74,7,1,0
BRDA:74,8,0,1
BRDA:74,8,1,1
BRDA:79,9,0,0
BRDA:93,10,0,0
BRF:16
BRH:8
end_of_record
TN:
SF:src\routes\applicant.ts
FNF:0
FNH:0
DA:1,1
DA:2,1
DA:3,1
DA:5,1
DA:6,1
DA:7,1
DA:8,1
DA:10,1
LF:8
LH:8
BRF:0
BRH:0
end_of_record
